# JRE version: Java(TM) SE Runtime Environment (17.0.9+11) (build 17.0.9+11-LTS-201)
# Java VM: Java HotSpot(TM) 64-Bit Server VM (17.0.9+11-LTS-201, mixed mode, sharing, tiered, compressed oops, compressed class ptrs, g1 gc, windows-amd64)
GC Precious Log:
 CPUs: 4 total, 4 available
 Memory: 7891M
 Large Page Support: Disabled
 NUMA Support: Disabled
 Compressed Oops: Enabled (32-bit)
 Heap Region Size: 1M
 Heap Min Capacity: 8M
 Heap Initial Capacity: 124M
 Heap Max Capacity: 1974M
 Pre-touch: Disabled
 Parallel Workers: 4
 Concurrent Workers: 1
 Concurrent Refinement Workers: 4
 Periodic GC: Disabled
Heap:
 garbage-first heap   total 51200K, used 25858K [0x0000000084a00000, 0x0000000100000000)
  region size 1024K, 5 young (5120K), 2 survivors (2048K)
 Metaspace       used 28343K, committed 28672K, reserved 1114112K
  class space    used 3223K, committed 3392K, reserved 1048576K
GC Heap History (20 events):
Event: 9.064 GC heap before
{Heap before GC invocations=0 (full 0):
 garbage-first heap   total 126976K, used 13312K [0x0000000084a00000, 0x0000000100000000)
  region size 1024K, 13 young (13312K), 0 survivors (0K)
 Metaspace       used 3701K, committed 3840K, reserved 1114112K
  class space    used 401K, committed 448K, reserved 1048576K
}
Event: 9.074 GC heap after
{Heap after GC invocations=1 (full 0):
 garbage-first heap   total 126976K, used 3300K [0x0000000084a00000, 0x0000000100000000)
  region size 1024K, 2 young (2048K), 2 survivors (2048K)
 Metaspace       used 3701K, committed 3840K, reserved 1114112K
  class space    used 401K, committed 448K, reserved 1048576K
}
Event: 12.228 GC heap before
{Heap before GC invocations=1 (full 0):
 garbage-first heap   total 126976K, used 15588K [0x0000000084a00000, 0x0000000100000000)
  region size 1024K, 14 young (14336K), 2 survivors (2048K)
 Metaspace       used 5551K, committed 5696K, reserved 1114112K
  class space    used 670K, committed 768K, reserved 1048576K
}
Event: 12.236 GC heap after
{Heap after GC invocations=2 (full 0):
 garbage-first heap   total 126976K, used 4071K [0x0000000084a00000, 0x0000000100000000)
  region size 1024K, 1 young (1024K), 1 survivors (1024K)
 Metaspace       used 5551K, committed 5696K, reserved 1114112K
  class space    used 670K, committed 768K, reserved 1048576K
}
Event: 14.113 GC heap before
{Heap before GC invocations=2 (full 0):
 garbage-first heap   total 126976K, used 31719K [0x0000000084a00000, 0x0000000100000000)
  region size 1024K, 28 young (28672K), 1 survivors (1024K)
 Metaspace       used 9732K, committed 9920K, reserved 1114112K
  class space    used 1189K, committed 1280K, reserved 1048576K
}
Event: 14.121 GC heap after
{Heap after GC invocations=3 (full 0):
 garbage-first heap   total 126976K, used 5375K [0x0000000084a00000, 0x0000000100000000)
  region size 1024K, 3 young (3072K), 3 survivors (3072K)
 Metaspace       used 9732K, committed 9920K, reserved 1114112K
  class space    used 1189K, committed 1280K, reserved 1048576K
}
Event: 35.530 GC heap before
{Heap before GC invocations=3 (full 0):
 garbage-first heap   total 126976K, used 78079K [0x0000000084a00000, 0x0000000100000000)
  region size 1024K, 74 young (75776K), 3 survivors (3072K)
 Metaspace       used 16441K, committed 16704K, reserved 1114112K
  class space    used 1944K, committed 2048K, reserved 1048576K
}
Event: 35.551 GC heap after
{Heap after GC invocations=4 (full 0):
 garbage-first heap   total 126976K, used 10285K [0x0000000084a00000, 0x0000000100000000)
  region size 1024K, 7 young (7168K), 7 survivors (7168K)
 Metaspace       used 16441K, committed 16704K, reserved 1114112K
  class space    used 1944K, committed 2048K, reserved 1048576K
}
Event: 46.581 GC heap before
{Heap before GC invocations=4 (full 0):
 garbage-first heap   total 126976K, used 38957K [0x0000000084a00000, 0x0000000100000000)
  region size 1024K, 36 young (36864K), 7 survivors (7168K)
 Metaspace       used 21250K, committed 21504K, reserved 1114112K
  class space    used 2529K, committed 2624K, reserved 1048576K
}
Event: 46.604 GC heap after
{Heap after GC invocations=5 (full 0):
 garbage-first heap   total 126976K, used 12864K [0x0000000084a00000, 0x0000000100000000)
  region size 1024K, 8 young (8192K), 8 survivors (8192K)
 Metaspace       used 21250K, committed 21504K, reserved 1114112K
  class space    used 2529K, committed 2624K, reserved 1048576K
}
Event: 49.530 GC heap before
{Heap before GC invocations=6 (full 0):
 garbage-first heap   total 51200K, used 35392K [0x0000000084a00000, 0x0000000100000000)
  region size 1024K, 30 young (30720K), 8 survivors (8192K)
 Metaspace       used 25166K, committed 25472K, reserved 1114112K
  class space    used 2936K, committed 3072K, reserved 1048576K
}
Event: 49.572 GC heap after
{Heap after GC invocations=7 (full 0):
 garbage-first heap   total 51200K, used 19141K [0x0000000084a00000, 0x0000000100000000)
  region size 1024K, 4 young (4096K), 4 survivors (4096K)
 Metaspace       used 25166K, committed 25472K, reserved 1114112K
  class space    used 2936K, committed 3072K, reserved 1048576K
}
Event: 49.683 GC heap before
{Heap before GC invocations=7 (full 0):
 garbage-first heap   total 51200K, used 20165K [0x0000000084a00000, 0x0000000100000000)
  region size 1024K, 5 young (5120K), 4 survivors (4096K)
 Metaspace       used 25181K, committed 25472K, reserved 1114112K
  class space    used 2939K, committed 3072K, reserved 1048576K
}
Event: 49.696 GC heap after
{Heap after GC invocations=8 (full 0):
 garbage-first heap   total 51200K, used 20378K [0x0000000084a00000, 0x0000000100000000)
  region size 1024K, 1 young (1024K), 1 survivors (1024K)
 Metaspace       used 25181K, committed 25472K, reserved 1114112K
  class space    used 2939K, committed 3072K, reserved 1048576K
}
Event: 56.457 GC heap before
{Heap before GC invocations=8 (full 0):
 garbage-first heap   total 51200K, used 36762K [0x0000000084a00000, 0x0000000100000000)
  region size 1024K, 17 young (17408K), 1 survivors (1024K)
 Metaspace       used 27010K, committed 27328K, reserved 1114112K
  class space    used 3120K, committed 3264K, reserved 1048576K
}
Event: 56.495 GC heap after
{Heap after GC invocations=9 (full 0):
 garbage-first heap   total 51200K, used 21901K [0x0000000084a00000, 0x0000000100000000)
  region size 1024K, 3 young (3072K), 3 survivors (3072K)
 Metaspace       used 27010K, committed 27328K, reserved 1114112K
  class space    used 3120K, committed 3264K, reserved 1048576K
}
Event: 64.814 GC heap before
{Heap before GC invocations=10 (full 0):
 garbage-first heap   total 51200K, used 37261K [0x0000000084a00000, 0x0000000100000000)
  region size 1024K, 18 young (18432K), 3 survivors (3072K)
 Metaspace       used 27153K, committed 27456K, reserved 1114112K
  class space    used 3120K, committed 3264K, reserved 1048576K
}
Event: 64.826 GC heap after
{Heap after GC invocations=11 (full 0):
 garbage-first heap   total 51200K, used 22875K [0x0000000084a00000, 0x0000000100000000)
  region size 1024K, 1 young (1024K), 1 survivors (1024K)
 Metaspace       used 27153K, committed 27456K, reserved 1114112K
  class space    used 3120K, committed 3264K, reserved 1048576K
}
Event: 73.500 GC heap before
{Heap before GC invocations=11 (full 0):
 garbage-first heap   total 51200K, used 37211K [0x0000000084a00000, 0x0000000100000000)
  region size 1024K, 16 young (16384K), 1 survivors (1024K)
 Metaspace       used 28306K, committed 28608K, reserved 1114112K
  class space    used 3223K, committed 3392K, reserved 1048576K
}
Event: 73.506 GC heap after
{Heap after GC invocations=12 (full 0):
 garbage-first heap   total 51200K, used 23810K [0x0000000084a00000, 0x0000000100000000)
  region size 1024K, 2 young (2048K), 2 survivors (2048K)
 Metaspace       used 28306K, committed 28608K, reserved 1114112K
  class space    used 3223K, committed 3392K, reserved 1048576K
}

